<?xml version="1.0" encoding="UTF-8"?>
<!-- Generated by org.testng.reporters.JUnitReportReporter -->
<testsuite hostname="DESKTOP-EVNKM3L" failures="0" tests="1" name="testNGFramework.Remo" time="0.001" errors="0" timestamp="2022-03-28T21:45:44 IST" skipped="0">
  <testcase classname="testNGFramework.Remo" name="run2" time="0.001"/>
  <system-out>
    <![CDATA[Remo message]]>
  </system-out>
</testsuite> <!-- testNGFramework.Remo -->
