<?xml version="1.0" encoding="UTF-8"?>
<!-- Generated by org.testng.reporters.JUnitReportReporter -->
<testsuite hostname="DESKTOP-EVNKM3L" failures="0" tests="3" name="testNGFramework.DependencyFeature" time="0.009" errors="0" timestamp="2022-03-30T22:18:00 IST" skipped="0">
  <testcase classname="testNGFramework.DependencyFeature" name="transfer1" time="0.006"/>
  <system-out>
    <![CDATA[Successfully Transfered]]>
  </system-out>
  <testcase classname="testNGFramework.DependencyFeature" name="transfer2" time="0.002"/>
  <system-out>
    <![CDATA[Successfully Transfered]]>
  </system-out>
  <testcase classname="testNGFramework.DependencyFeature" name="delete" time="0.001"/>
  <system-out>
    <![CDATA[Successfully Deleted]]>
  </system-out>
</testsuite> <!-- testNGFramework.DependencyFeature -->
