<?xml version="1.0" encoding="UTF-8"?>
<!-- Generated by org.testng.reporters.JUnitReportReporter -->
<testsuite hostname="DESKTOP-EVNKM3L" failures="0" tests="1" name="testNGFramework.Demo" time="0.019" errors="0" timestamp="2022-03-30T22:19:13 IST" skipped="0">
  <testcase classname="testNGFramework.Demo" name="run1" time="0.019"/>
  <system-out>
    <![CDATA[Demo message]]>
  </system-out>
</testsuite> <!-- testNGFramework.Demo -->
