<?xml version="1.0" encoding="UTF-8"?>
<!-- Generated by org.testng.reporters.JUnitReportReporter -->
<testsuite hostname="DESKTOP-EVNKM3L" failures="0" tests="1" name="testNGFramework.Sumo" time="0.002" errors="0" timestamp="2022-03-28T21:45:44 IST" skipped="0">
  <testcase classname="testNGFramework.Sumo" name="run3" time="0.002"/>
  <system-out>
    <![CDATA[Sumo message]]>
  </system-out>
</testsuite> <!-- testNGFramework.Sumo -->
