<?xml version="1.0" encoding="UTF-8"?>
<!-- Generated by org.testng.reporters.JUnitReportReporter -->
<testsuite hostname="DESKTOP-EVNKM3L" failures="0" tests="7" name="testNGFramework.FlagsOfTestNG" time="0.018" errors="0" timestamp="2022-04-03T19:34:13 IST" skipped="1">
  <testcase classname="testNGFramework.FlagsOfTestNG" name="run" time="0.002"/>
  <system-out>
    <![CDATA[Run message]]>
  </system-out>
  <testcase classname="testNGFramework.FlagsOfTestNG" name="run" time="0.007"/>
  <system-out>
    <![CDATA[Run message]]>
  </system-out>
  <testcase classname="testNGFramework.FlagsOfTestNG" name="run" time="0.001"/>
  <system-out>
    <![CDATA[Run message]]>
  </system-out>
  <testcase classname="testNGFramework.FlagsOfTestNG" name="run" time="0.002"/>
  <system-out>
    <![CDATA[Run message]]>
  </system-out>
  <testcase classname="testNGFramework.FlagsOfTestNG" name="run" time="0.004"/>
  <system-out>
    <![CDATA[Run message]]>
  </system-out>
  <testcase classname="testNGFramework.FlagsOfTestNG" name="gun" time="0.002"/>
  <system-out>
    <![CDATA[Gun message]]>
  </system-out>
  <testcase classname="testNGFramework.FlagsOfTestNG" name="bun">
    <skipped/>
  </testcase> <!-- bun -->
  <system-out/>
</testsuite> <!-- testNGFramework.FlagsOfTestNG -->
